## Init N square : 262.095309 Gflops
## nbody  wtime(sec)  Gflops  wtime/block(usec)  nact
## 1024 1.438326e-01 9.737477e+01 1.385670e+02 9.150482e+01
## nbody  wtime(sec)  Gflops  wtime/block(usec)  nact
## 1024 1.526991e-01 9.712741e+01 1.327819e+02 8.746174e+01
## Init N square : 446.401746 Gflops
## nbody  wtime(sec)  Gflops  wtime/block(usec)  nact
## 2048 3.266952e-01 2.057436e+02 1.874327e+02 1.307613e+02
## nbody  wtime(sec)  Gflops  wtime/block(usec)  nact
## 2048 3.209403e-01 2.090497e+02 1.834993e+02 1.300743e+02
## Init N square : 619.375754 Gflops
## nbody  wtime(sec)  Gflops  wtime/block(usec)  nact
## 4096 9.365278e-01 3.600515e+02 3.130106e+02 1.910739e+02
## nbody  wtime(sec)  Gflops  wtime/block(usec)  nact
## 4096 9.226517e-01 3.701824e+02 3.213694e+02 2.016963e+02
## Init N square : 764.264294 Gflops
## nbody  wtime(sec)  Gflops  wtime/block(usec)  nact
## 8192 2.953618e+00 5.387283e+02 6.664301e+02 3.043491e+02
## nbody  wtime(sec)  Gflops  wtime/block(usec)  nact
## 8192 2.956955e+00 5.403812e+02 6.679365e+02 3.059729e+02
## Init N square : 867.800672 Gflops
## nbody  wtime(sec)  Gflops  wtime/block(usec)  nact
## 16384 1.127907e+01 6.844354e+02 1.567845e+03 4.548342e+02
## nbody  wtime(sec)  Gflops  wtime/block(usec)  nact
## 16384 1.117537e+01 6.884910e+02 1.605656e+03 4.685635e+02
## Init N square : 943.158095 Gflops
## nbody  wtime(sec)  Gflops  wtime/block(usec)  nact
## 32768 4.802080e+01 7.866272e+02 4.191028e+03 6.986780e+02
## nbody  wtime(sec)  Gflops  wtime/block(usec)  nact
## 32768 4.855633e+01 7.755869e+02 4.377599e+03 7.195386e+02
## Init N square : 915.443593 Gflops
## nbody  wtime(sec)  Gflops  wtime/block(usec)  nact
## 65536 2.200974e+02 8.290694e+02 1.233661e+04 1.083788e+03
## nbody  wtime(sec)  Gflops  wtime/block(usec)  nact
## 65536 2.194131e+02 8.289450e+02 1.248509e+04 1.096668e+03
2014/10/28

## Init N square : 461.141712 Gflops
## nbody  wtime(sec)  Gflops  wtime/block(usec)  nact
## 1024 1.201806e-01 1.165385e+02 1.157810e+02 9.150482e+01
## nbody  wtime(sec)  Gflops  wtime/block(usec)  nact
## 1024 1.308334e-01 1.133600e+02 1.137682e+02 8.746174e+01
## Init N square : 682.847479 Gflops
## nbody  wtime(sec)  Gflops  wtime/block(usec)  nact
## 2048 2.944072e-01 2.283078e+02 1.689083e+02 1.307613e+02
## nbody  wtime(sec)  Gflops  wtime/block(usec)  nact
## 2048 2.884798e-01 2.325726e+02 1.649398e+02 1.300743e+02
## Init N square : 849.591202 Gflops
## nbody  wtime(sec)  Gflops  wtime/block(usec)  nact
## 4096 8.805016e-01 3.829615e+02 2.942853e+02 1.910739e+02
## nbody  wtime(sec)  Gflops  wtime/block(usec)  nact
## 4096 8.624342e-01 3.960295e+02 3.003951e+02 2.016963e+02
## Init N square : 947.040611 Gflops
## nbody  wtime(sec)  Gflops  wtime/block(usec)  nact
## 8192 2.863510e+00 5.556809e+02 6.460987e+02 3.043491e+02
## nbody  wtime(sec)  Gflops  wtime/block(usec)  nact
## 8192 2.863179e+00 5.580798e+02 6.467539e+02 3.059729e+02
## Init N square : 1005.147485 Gflops
## nbody  wtime(sec)  Gflops  wtime/block(usec)  nact
## 16384 1.104098e+01 6.991952e+02 1.534748e+03 4.548342e+02
## nbody  wtime(sec)  Gflops  wtime/block(usec)  nact
## 16384 1.094658e+01 7.028810e+02 1.572784e+03 4.685635e+02
## Init N square : 1031.219439 Gflops
## nbody  wtime(sec)  Gflops  wtime/block(usec)  nact
## 32768 4.787098e+01 7.890891e+02 4.177952e+03 6.986780e+02
## nbody  wtime(sec)  Gflops  wtime/block(usec)  nact
## 32768 4.785837e+01 7.868981e+02 4.314674e+03 7.195386e+02
## Init N square : 986.434407 Gflops
## nbody  wtime(sec)  Gflops  wtime/block(usec)  nact
## 65536 2.139055e+02 8.530686e+02 1.198954e+04 1.083788e+03
## nbody  wtime(sec)  Gflops  wtime/block(usec)  nact
## 65536 2.130267e+02 8.537962e+02 1.212169e+04 1.096668e+03
